<?xml version="1.0" encoding="UTF-8"?>
<!-- Generated by org.testng.reporters.JUnitXMLReporter -->
<testsuite ignored="0" hostname="DESKTOP-L3U3DAD" failures="0" tests="5" name="Default test" time="6.273" errors="0" timestamp="2025-05-19T15:58:56 GMT+03:00">
  <testcase classname="swagLabTests" name="login" time="0.533"/>
  <testcase classname="swagLabTests" name="sortItemByPriceAsc" time="0.23"/>
  <testcase classname="swagLabTests" name="addAllItemToTheCart" time="0.539"/>
  <testcase classname="swagLabTests" name="checkout" time="0.798"/>
  <testcase classname="swagLabTests" name="logout" time="0.284"/>
</testsuite> <!-- Default test -->
