<?xml version="1.0" encoding="UTF-8"?>
<testng-results ignored="0" total="5" passed="5" failed="0" skipped="0">
  <reporter-output>
  </reporter-output>
  <suite started-at="2025-05-19T15:58:50 GMT+03:00" name="Default suite" finished-at="2025-05-19T15:58:56 GMT+03:00" duration-ms="6273">
    <groups>
    </groups>
    <test started-at="2025-05-19T15:58:50 GMT+03:00" name="Default test" finished-at="2025-05-19T15:58:56 GMT+03:00" duration-ms="6273">
      <class name="swagLabTests">
        <test-method is-config="true" signature="mySetup()[pri:0, instance:swagLabTests@56113384]" started-at="2025-05-19T15:58:50 GMT+03:00" name="mySetup" finished-at="2025-05-19T15:58:54 GMT+03:00" duration-ms="3786" status="PASS">
          <reporter-output>
          </reporter-output>
        </test-method> <!-- mySetup -->
        <test-method signature="login()[pri:1, instance:swagLabTests@56113384]" started-at="2025-05-19T15:58:54 GMT+03:00" name="login" finished-at="2025-05-19T15:58:55 GMT+03:00" duration-ms="533" status="PASS">
          <reporter-output>
          </reporter-output>
        </test-method> <!-- login -->
        <test-method signature="sortItemByPriceAsc()[pri:2, instance:swagLabTests@56113384]" started-at="2025-05-19T15:58:55 GMT+03:00" name="sortItemByPriceAsc" finished-at="2025-05-19T15:58:55 GMT+03:00" duration-ms="230" status="PASS">
          <reporter-output>
          </reporter-output>
        </test-method> <!-- sortItemByPriceAsc -->
        <test-method signature="addAllItemToTheCart()[pri:3, instance:swagLabTests@56113384]" started-at="2025-05-19T15:58:55 GMT+03:00" name="addAllItemToTheCart" finished-at="2025-05-19T15:58:55 GMT+03:00" duration-ms="539" status="PASS">
          <reporter-output>
          </reporter-output>
        </test-method> <!-- addAllItemToTheCart -->
        <test-method signature="checkout()[pri:4, instance:swagLabTests@56113384]" started-at="2025-05-19T15:58:55 GMT+03:00" name="checkout" finished-at="2025-05-19T15:58:56 GMT+03:00" duration-ms="798" status="PASS">
          <reporter-output>
          </reporter-output>
        </test-method> <!-- checkout -->
        <test-method signature="logout()[pri:5, instance:swagLabTests@56113384]" started-at="2025-05-19T15:58:56 GMT+03:00" name="logout" finished-at="2025-05-19T15:58:56 GMT+03:00" duration-ms="284" status="PASS">
          <reporter-output>
          </reporter-output>
        </test-method> <!-- logout -->
      </class> <!-- swagLabTests -->
    </test> <!-- Default test -->
  </suite> <!-- Default suite -->
</testng-results>
